Terminals unused in grammar

    LESS
    GREATER
    LESS_EQ
    GREAT_EQ
    EQUAL


Rules useless in parser due to conflicts

   39 token: SEMI


State 28 conflicts: 37 reduce/reduce


Grammar

    0 $accept: tokenlist $end

    1 tokenlist: tokenlist token
    2          | token

    3 token: ID
    4      | NUMCONST
    5      | CHARCONST
    6      | STRINGCONST
    7      | INT
    8      | CHAR
    9      | IF
   10      | THEN
   11      | ELSE
   12      | WHILE
   13      | DO
   14      | FOR
   15      | TO
   16      | BY
   17      | RETURN
   18      | BREAK
   19      | STATIC
   20      | NOT
   21      | AND
   22      | OR
   23      | BOOL
   24      | TRUE
   25      | FALSE
   26      | OPEN_BRACE
   27      | CLOSE_BRACE
   28      | OPEN_PAREN
   29      | CLOSE_PAREN
   30      | COMMA
   31      | COLON
   32      | EQ
   33      | MINUS
   34      | DIV
   35      | MULT
   36      | PERC
   37      | ADDASS
   38      | SEMI
   39      | SEMI


Terminals, with rules where they appear

    $end (0) 0
    error (256)
    ID <tokenData> (258) 3
    NUMCONST <tokenData> (259) 4
    CHARCONST <tokenData> (260) 5
    STRINGCONST <tokenData> (261) 6
    INT <tokenData> (262) 7
    BOOL <tokenData> (263) 23
    CHAR <tokenData> (264) 8
    IF <tokenData> (265) 9
    THEN <tokenData> (266) 10
    ELSE <tokenData> (267) 11
    WHILE <tokenData> (268) 12
    DO <tokenData> (269) 13
    FOR <tokenData> (270) 14
    TO <tokenData> (271) 15
    BY <tokenData> (272) 16
    RETURN <tokenData> (273) 17
    BREAK <tokenData> (274) 18
    STATIC <tokenData> (275) 19
    NOT <tokenData> (276) 20
    AND <tokenData> (277) 21
    OR <tokenData> (278) 22
    TRUE <tokenData> (279) 24
    FALSE <tokenData> (280) 25
    OPEN_BRACE <tokenData> (281) 26
    CLOSE_BRACE <tokenData> (282) 27
    OPEN_PAREN <tokenData> (283) 28
    CLOSE_PAREN <tokenData> (284) 29
    SEMI <tokenData> (285) 38 39
    COMMA <tokenData> (286) 30
    LESS <tokenData> (287)
    GREATER <tokenData> (288)
    LESS_EQ <tokenData> (289)
    GREAT_EQ <tokenData> (290)
    EQUAL <tokenData> (291)
    COLON <tokenData> (292) 31
    EQ <tokenData> (293) 32
    MINUS <tokenData> (294) 33
    DIV <tokenData> (295) 34
    MULT <tokenData> (296) 35
    PERC <tokenData> (297) 36
    ADDASS <tokenData> (298) 37


Nonterminals, with rules where they appear

    $accept (44)
        on left: 0
    tokenlist (45)
        on left: 1 2
        on right: 0 1
    token (46)
        on left: 3 4 5 6 7 8 9 10 11 12 13 14 15 16 17 18 19 20 21 22 23 24 25 26 27 28 29 30 31 32 33 34 35 36 37 38 39
        on right: 1 2


State 0

    0 $accept: . tokenlist $end

    ID           shift, and go to state 1
    NUMCONST     shift, and go to state 2
    CHARCONST    shift, and go to state 3
    STRINGCONST  shift, and go to state 4
    INT          shift, and go to state 5
    BOOL         shift, and go to state 6
    CHAR         shift, and go to state 7
    IF           shift, and go to state 8
    THEN         shift, and go to state 9
    ELSE         shift, and go to state 10
    WHILE        shift, and go to state 11
    DO           shift, and go to state 12
    FOR          shift, and go to state 13
    TO           shift, and go to state 14
    BY           shift, and go to state 15
    RETURN       shift, and go to state 16
    BREAK        shift, and go to state 17
    STATIC       shift, and go to state 18
    NOT          shift, and go to state 19
    AND          shift, and go to state 20
    OR           shift, and go to state 21
    TRUE         shift, and go to state 22
    FALSE        shift, and go to state 23
    OPEN_BRACE   shift, and go to state 24
    CLOSE_BRACE  shift, and go to state 25
    OPEN_PAREN   shift, and go to state 26
    CLOSE_PAREN  shift, and go to state 27
    SEMI         shift, and go to state 28
    COMMA        shift, and go to state 29
    COLON        shift, and go to state 30
    EQ           shift, and go to state 31
    MINUS        shift, and go to state 32
    DIV          shift, and go to state 33
    MULT         shift, and go to state 34
    PERC         shift, and go to state 35
    ADDASS       shift, and go to state 36

    tokenlist  go to state 37
    token      go to state 38


State 1

    3 token: ID .

    $default  reduce using rule 3 (token)


State 2

    4 token: NUMCONST .

    $default  reduce using rule 4 (token)


State 3

    5 token: CHARCONST .

    $default  reduce using rule 5 (token)


State 4

    6 token: STRINGCONST .

    $default  reduce using rule 6 (token)


State 5

    7 token: INT .

    $default  reduce using rule 7 (token)


State 6

   23 token: BOOL .

    $default  reduce using rule 23 (token)


State 7

    8 token: CHAR .

    $default  reduce using rule 8 (token)


State 8

    9 token: IF .

    $default  reduce using rule 9 (token)


State 9

   10 token: THEN .

    $default  reduce using rule 10 (token)


State 10

   11 token: ELSE .

    $default  reduce using rule 11 (token)


State 11

   12 token: WHILE .

    $default  reduce using rule 12 (token)


State 12

   13 token: DO .

    $default  reduce using rule 13 (token)


State 13

   14 token: FOR .

    $default  reduce using rule 14 (token)


State 14

   15 token: TO .

    $default  reduce using rule 15 (token)


State 15

   16 token: BY .

    $default  reduce using rule 16 (token)


State 16

   17 token: RETURN .

    $default  reduce using rule 17 (token)


State 17

   18 token: BREAK .

    $default  reduce using rule 18 (token)


State 18

   19 token: STATIC .

    $default  reduce using rule 19 (token)


State 19

   20 token: NOT .

    $default  reduce using rule 20 (token)


State 20

   21 token: AND .

    $default  reduce using rule 21 (token)


State 21

   22 token: OR .

    $default  reduce using rule 22 (token)


State 22

   24 token: TRUE .

    $default  reduce using rule 24 (token)


State 23

   25 token: FALSE .

    $default  reduce using rule 25 (token)


State 24

   26 token: OPEN_BRACE .

    $default  reduce using rule 26 (token)


State 25

   27 token: CLOSE_BRACE .

    $default  reduce using rule 27 (token)


State 26

   28 token: OPEN_PAREN .

    $default  reduce using rule 28 (token)


State 27

   29 token: CLOSE_PAREN .

    $default  reduce using rule 29 (token)


State 28

   38 token: SEMI .
   39      | SEMI .

    $end         reduce using rule 38 (token)
    $end         [reduce using rule 39 (token)]
    ID           reduce using rule 38 (token)
    ID           [reduce using rule 39 (token)]
    NUMCONST     reduce using rule 38 (token)
    NUMCONST     [reduce using rule 39 (token)]
    CHARCONST    reduce using rule 38 (token)
    CHARCONST    [reduce using rule 39 (token)]
    STRINGCONST  reduce using rule 38 (token)
    STRINGCONST  [reduce using rule 39 (token)]
    INT          reduce using rule 38 (token)
    INT          [reduce using rule 39 (token)]
    BOOL         reduce using rule 38 (token)
    BOOL         [reduce using rule 39 (token)]
    CHAR         reduce using rule 38 (token)
    CHAR         [reduce using rule 39 (token)]
    IF           reduce using rule 38 (token)
    IF           [reduce using rule 39 (token)]
    THEN         reduce using rule 38 (token)
    THEN         [reduce using rule 39 (token)]
    ELSE         reduce using rule 38 (token)
    ELSE         [reduce using rule 39 (token)]
    WHILE        reduce using rule 38 (token)
    WHILE        [reduce using rule 39 (token)]
    DO           reduce using rule 38 (token)
    DO           [reduce using rule 39 (token)]
    FOR          reduce using rule 38 (token)
    FOR          [reduce using rule 39 (token)]
    TO           reduce using rule 38 (token)
    TO           [reduce using rule 39 (token)]
    BY           reduce using rule 38 (token)
    BY           [reduce using rule 39 (token)]
    RETURN       reduce using rule 38 (token)
    RETURN       [reduce using rule 39 (token)]
    BREAK        reduce using rule 38 (token)
    BREAK        [reduce using rule 39 (token)]
    STATIC       reduce using rule 38 (token)
    STATIC       [reduce using rule 39 (token)]
    NOT          reduce using rule 38 (token)
    NOT          [reduce using rule 39 (token)]
    AND          reduce using rule 38 (token)
    AND          [reduce using rule 39 (token)]
    OR           reduce using rule 38 (token)
    OR           [reduce using rule 39 (token)]
    TRUE         reduce using rule 38 (token)
    TRUE         [reduce using rule 39 (token)]
    FALSE        reduce using rule 38 (token)
    FALSE        [reduce using rule 39 (token)]
    OPEN_BRACE   reduce using rule 38 (token)
    OPEN_BRACE   [reduce using rule 39 (token)]
    CLOSE_BRACE  reduce using rule 38 (token)
    CLOSE_BRACE  [reduce using rule 39 (token)]
    OPEN_PAREN   reduce using rule 38 (token)
    OPEN_PAREN   [reduce using rule 39 (token)]
    CLOSE_PAREN  reduce using rule 38 (token)
    CLOSE_PAREN  [reduce using rule 39 (token)]
    SEMI         reduce using rule 38 (token)
    SEMI         [reduce using rule 39 (token)]
    COMMA        reduce using rule 38 (token)
    COMMA        [reduce using rule 39 (token)]
    COLON        reduce using rule 38 (token)
    COLON        [reduce using rule 39 (token)]
    EQ           reduce using rule 38 (token)
    EQ           [reduce using rule 39 (token)]
    MINUS        reduce using rule 38 (token)
    MINUS        [reduce using rule 39 (token)]
    DIV          reduce using rule 38 (token)
    DIV          [reduce using rule 39 (token)]
    MULT         reduce using rule 38 (token)
    MULT         [reduce using rule 39 (token)]
    PERC         reduce using rule 38 (token)
    PERC         [reduce using rule 39 (token)]
    ADDASS       reduce using rule 38 (token)
    ADDASS       [reduce using rule 39 (token)]
    $default     reduce using rule 38 (token)


State 29

   30 token: COMMA .

    $default  reduce using rule 30 (token)


State 30

   31 token: COLON .

    $default  reduce using rule 31 (token)


State 31

   32 token: EQ .

    $default  reduce using rule 32 (token)


State 32

   33 token: MINUS .

    $default  reduce using rule 33 (token)


State 33

   34 token: DIV .

    $default  reduce using rule 34 (token)


State 34

   35 token: MULT .

    $default  reduce using rule 35 (token)


State 35

   36 token: PERC .

    $default  reduce using rule 36 (token)


State 36

   37 token: ADDASS .

    $default  reduce using rule 37 (token)


State 37

    0 $accept: tokenlist . $end
    1 tokenlist: tokenlist . token

    $end         shift, and go to state 39
    ID           shift, and go to state 1
    NUMCONST     shift, and go to state 2
    CHARCONST    shift, and go to state 3
    STRINGCONST  shift, and go to state 4
    INT          shift, and go to state 5
    BOOL         shift, and go to state 6
    CHAR         shift, and go to state 7
    IF           shift, and go to state 8
    THEN         shift, and go to state 9
    ELSE         shift, and go to state 10
    WHILE        shift, and go to state 11
    DO           shift, and go to state 12
    FOR          shift, and go to state 13
    TO           shift, and go to state 14
    BY           shift, and go to state 15
    RETURN       shift, and go to state 16
    BREAK        shift, and go to state 17
    STATIC       shift, and go to state 18
    NOT          shift, and go to state 19
    AND          shift, and go to state 20
    OR           shift, and go to state 21
    TRUE         shift, and go to state 22
    FALSE        shift, and go to state 23
    OPEN_BRACE   shift, and go to state 24
    CLOSE_BRACE  shift, and go to state 25
    OPEN_PAREN   shift, and go to state 26
    CLOSE_PAREN  shift, and go to state 27
    SEMI         shift, and go to state 28
    COMMA        shift, and go to state 29
    COLON        shift, and go to state 30
    EQ           shift, and go to state 31
    MINUS        shift, and go to state 32
    DIV          shift, and go to state 33
    MULT         shift, and go to state 34
    PERC         shift, and go to state 35
    ADDASS       shift, and go to state 36

    token  go to state 40


State 38

    2 tokenlist: token .

    $default  reduce using rule 2 (tokenlist)


State 39

    0 $accept: tokenlist $end .

    $default  accept


State 40

    1 tokenlist: tokenlist token .

    $default  reduce using rule 1 (tokenlist)
